Android Project/unityLibrary/build/intermediates/manifest_merge_blame_file/debug/manifest-merger-blame-debug-report.txt
1<?xml version="1.0" encoding="utf-8"?>
2<manifest xmlns:android="http://schemas.android.com/apk/res/android"
3    package="com.unity3d.player"
4    android:installLocation="preferExternal"
5    android:versionCode="1"
6    android:versionName="1.0" >
7
8    <uses-sdk
8-->src\main\AndroidManifest.xml:17:3-71
9        android:minSdkVersion="19"
9-->src\main\AndroidManifest.xml:17:13-38
10        android:targetSdkVersion="29" />
10-->src\main\AndroidManifest.xml:17:39-68
11
12    <supports-screens
12-->src\main\AndroidManifest.xml:3:3-163
13        android:anyDensity="true"
13-->src\main\AndroidManifest.xml:3:135-160
14        android:largeScreens="true"
14-->src\main\AndroidManifest.xml:3:78-105
15        android:normalScreens="true"
15-->src\main\AndroidManifest.xml:3:49-77
16        android:smallScreens="true"
16-->src\main\AndroidManifest.xml:3:21-48
17        android:xlargeScreens="true" />
17-->src\main\AndroidManifest.xml:3:106-134
18
19    <uses-feature android:glEsVersion="0x00020000" />
19-->src\main\AndroidManifest.xml:18:3-52
19-->src\main\AndroidManifest.xml:18:17-49
20
21    <uses-permission android:name="android.permission.INTERNET" />
21-->src\main\AndroidManifest.xml:19:3-65
21-->src\main\AndroidManifest.xml:19:20-62
22    <uses-permission
22-->src\main\AndroidManifest.xml:20:3-106
23        android:name="android.permission.WRITE_EXTERNAL_STORAGE"
23-->src\main\AndroidManifest.xml:20:20-76
24        android:maxSdkVersion="18" />
24-->src\main\AndroidManifest.xml:20:77-103
25
26    <uses-feature
26-->src\main\AndroidManifest.xml:21:3-88
27        android:name="android.hardware.touchscreen"
27-->src\main\AndroidManifest.xml:21:17-60
28        android:required="false" />
28-->src\main\AndroidManifest.xml:21:61-85
29    <uses-feature
29-->src\main\AndroidManifest.xml:22:3-99
30        android:name="android.hardware.touchscreen.multitouch"
30-->src\main\AndroidManifest.xml:22:17-71
31        android:required="false" />
31-->src\main\AndroidManifest.xml:22:72-96
32    <uses-feature
32-->src\main\AndroidManifest.xml:23:3-108
33        android:name="android.hardware.touchscreen.multitouch.distinct"
33-->src\main\AndroidManifest.xml:23:17-80
34        android:required="false" />
34-->src\main\AndroidManifest.xml:23:81-105
35
36    <application
36-->src\main\AndroidManifest.xml:4:3-16:17
37        android:banner="@drawable/app_banner"
37-->src\main\AndroidManifest.xml:4:117-154
38        android:debuggable="true"
38-->src\main\AndroidManifest.xml:4:91-116
39        android:icon="@mipmap/app_icon"
39-->src\main\AndroidManifest.xml:4:177-208
40        android:isGame="true"
40-->src\main\AndroidManifest.xml:4:155-176
41        android:label="@string/app_name"
41-->src\main\AndroidManifest.xml:4:58-90
42        android:theme="@style/UnityThemeSelector" >
42-->src\main\AndroidManifest.xml:4:16-57
43        <activity
43-->src\main\AndroidManifest.xml:5:5-12:16
44            android:name="com.unity3d.player.UnityPlayerActivity"
44-->src\main\AndroidManifest.xml:5:15-68
45            android:configChanges="mcc|mnc|locale|touchscreen|keyboard|keyboardHidden|navigation|orientation|screenLayout|uiMode|screenSize|smallestScreenSize|fontScale|layoutDirection|density"
45-->src\main\AndroidManifest.xml:5:172-353
46            android:hardwareAccelerated="false"
46-->src\main\AndroidManifest.xml:5:354-389
47            android:label="@string/app_name"
47-->src\main\AndroidManifest.xml:5:69-101
48            android:launchMode="singleTask"
48-->src\main\AndroidManifest.xml:5:140-171
49            android:screenOrientation="landscape" >
49-->src\main\AndroidManifest.xml:5:102-139
50            <intent-filter>
50-->src\main\AndroidManifest.xml:6:7-10:23
51                <action android:name="android.intent.action.MAIN" />
51-->src\main\AndroidManifest.xml:7:9-61
51-->src\main\AndroidManifest.xml:7:17-58
52
53                <category android:name="android.intent.category.LAUNCHER" />
53-->src\main\AndroidManifest.xml:8:9-69
53-->src\main\AndroidManifest.xml:8:19-66
54                <category android:name="android.intent.category.LEANBACK_LAUNCHER" />
54-->src\main\AndroidManifest.xml:9:9-78
54-->src\main\AndroidManifest.xml:9:19-75
55            </intent-filter>
56
57            <meta-data
57-->src\main\AndroidManifest.xml:11:7-82
58                android:name="unityplayer.UnityActivity"
58-->src\main\AndroidManifest.xml:11:18-58
59                android:value="true" />
59-->src\main\AndroidManifest.xml:11:59-79
60        </activity>
61
62        <meta-data
62-->src\main\AndroidManifest.xml:13:5-69
63            android:name="unity.splash-mode"
63-->src\main\AndroidManifest.xml:13:16-48
64            android:value="0" />
64-->src\main\AndroidManifest.xml:13:49-66
65        <meta-data
65-->src\main\AndroidManifest.xml:14:5-74
66            android:name="unity.splash-enable"
66-->src\main\AndroidManifest.xml:14:16-50
67            android:value="True" />
67-->src\main\AndroidManifest.xml:14:51-71
68        <meta-data
68-->src\main\AndroidManifest.xml:15:5-101
69            android:name="unity.build-id"
69-->src\main\AndroidManifest.xml:15:16-45
70            android:value="cc1bffb1-3e4f-46c4-a884-c8564e1d0d41" />
70-->src\main\AndroidManifest.xml:15:46-98
71    </application>
72
73</manifest>